Using pre-set license
Built from '2020.2/release' branch; Version is '2020.2.2f1 (068178b99f32) revision 426360'; Using compiler version '192528614'; Build Type 'Release'
OS: 'Windows 10 Home; OS build 19045.3086; Version 2009; 64bit' Language: 'en' Physical Memory: 8019 MB
BatchMode: 1, IsHumanControllingUs: 0, StartBugReporterOnCrash: 0, Is64bit: 1, IsPro: 0

 COMMAND LINE ARGUMENTS:
C:\Program Files\Unity\Hub\Editor\2020.2.2f1\Editor\Unity.exe
-adb2
-batchMode
-noUpm
-name
AssetImportWorker3
-projectPath
C:/Repos/Shaders-Water-Clear
-logFile
Logs/AssetImportWorker3.log
-srvPort
53363
Successfully changed project path to: C:/Repos/Shaders-Water-Clear
C:/Repos/Shaders-Water-Clear
Using Asset Import Pipeline V2.
Refreshing native plugins compatible for Editor in 111.53 ms, found 0 plugins.
Preloading 0 native plugins for Editor in 0.00 ms.
Initialize engine version: 2020.2.2f1 (068178b99f32)
[Subsystems] Discovering subsystems at path C:/Program Files/Unity/Hub/Editor/2020.2.2f1/Editor/Data/Resources/UnitySubsystems
[Subsystems] Discovering subsystems at path C:/Repos/Shaders-Water-Clear/Assets
GfxDevice: creating device client; threaded=0
Direct3D:
    Version:  Direct3D 11.0 [level 11.0]
    Renderer: NVIDIA GeForce GTX 960M (ID=0x139b)
    Vendor:   
    VRAM:     4054 MB
    Driver:   31.0.15.3623
Shader 'Universal Render Pipeline/Particles/Lit': fallback shader 'Universal Render Pipeline/Particles/SimpleLit' not found
Initialize mono
Mono path[0] = 'C:/Program Files/Unity/Hub/Editor/2020.2.2f1/Editor/Data/Managed'
Mono path[1] = 'C:/Program Files/Unity/Hub/Editor/2020.2.2f1/Editor/Data/MonoBleedingEdge/lib/mono/unityjit'
Mono config path = 'C:/Program Files/Unity/Hub/Editor/2020.2.2f1/Editor/Data/MonoBleedingEdge/etc'
Using monoOptions --debugger-agent=transport=dt_socket,embedding=1,server=y,suspend=n,address=127.0.0.1:56416
Begin MonoManager ReloadAssembly
Registering precompiled unity dll's ...
Register platform support module: C:/Program Files/Unity/Hub/Editor/2020.2.2f1/Editor/Data/PlaybackEngines/WindowsStandaloneSupport/UnityEditor.WindowsStandalone.Extensions.dll
Registered in 0.002707 seconds.
Native extension for WindowsStandalone target not found
Refreshing native plugins compatible for Editor in 64.89 ms, found 0 plugins.
Preloading 0 native plugins for Editor in 0.00 ms.
Invoked RoslynAnalysisRunner static constructor.
RoslynAnalysisRunner will not be running.
RoslynAnalysisRunner has terminated.
Mono: successfully reloaded assembly
- Completed reload, in 12.154 seconds
Platform modules already initialized, skipping
Registering precompiled user dll's ...
Registered in 0.002032 seconds.
Begin MonoManager ReloadAssembly
Native extension for WindowsStandalone target not found
Refreshing native plugins compatible for Editor in 67.77 ms, found 0 plugins.
Preloading 0 native plugins for Editor in 0.00 ms.
Invoked RoslynAnalysisRunner static constructor.
RoslynAnalysisRunner will not be running.
RoslynAnalysisRunner has terminated.
Mono: successfully reloaded assembly
- Completed reload, in  3.574 seconds
Platform modules already initialized, skipping
========================================================================
Worker process is ready to serve import requests
Shader 'Universal Render Pipeline/Particles/Lit': fallback shader 'Universal Render Pipeline/Particles/SimpleLit' not found
Launched and connected shader compiler UnityShaderCompiler.exe after 0.42 seconds
Refreshing native plugins compatible for Editor in 0.46 ms, found 0 plugins.
Preloading 0 native plugins for Editor in 0.00 ms.
Unloading 2680 Unused Serialized files (Serialized files now loaded: 0)
System memory in use before: 126.2 MB.
System memory in use after: 126.3 MB.

Unloading 109 unused Assets to reduce memory usage. Loaded Objects now: 3120.
Total: 3.683500 ms (FindLiveObjects: 0.483500 ms CreateObjectMapping: 0.435900 ms MarkObjects: 2.528900 ms  DeleteObjects: 0.233700 ms)

========================================================================
Received Import Request.
  path: Assets/Water Shader/Water.shadergraph
  artifactKey: Guid(79008775900c3264a96dd30591f4167c) Importer(815301076,1909f56bfc062723c751e8b465ee728b)
Start importing Assets/Water Shader/Water.shadergraph using Guid(79008775900c3264a96dd30591f4167c) Importer(815301076,1909f56bfc062723c751e8b465ee728b)  -> (artifact id: '3d6ee14bf0f605fee81afe04863bbf4a') in 0.335879 seconds
  Import took 0.403323 seconds .

========================================================================
Received Import Request.
  Time since last request: 1.394113 seconds.
  path: Assets/Water Shader/Water.shadergraph
  artifactKey: Guid(79008775900c3264a96dd30591f4167c) Importer(815301076,1909f56bfc062723c751e8b465ee728b)
Start importing Assets/Water Shader/Water.shadergraph using Guid(79008775900c3264a96dd30591f4167c) Importer(815301076,1909f56bfc062723c751e8b465ee728b)  -> (artifact id: '9a111c0538a2dc443f1063f048e9ed63') in 0.003458 seconds
  Import took 0.042086 seconds .

========================================================================
Received Import Request.
  Time since last request: 147.027026 seconds.
  path: Assets/Water Shader/Water.shadergraph
  artifactKey: Guid(79008775900c3264a96dd30591f4167c) Importer(815301076,1909f56bfc062723c751e8b465ee728b)
Start importing Assets/Water Shader/Water.shadergraph using Guid(79008775900c3264a96dd30591f4167c) Importer(815301076,1909f56bfc062723c751e8b465ee728b)  -> (artifact id: '433984231dcaf9990c4ed4046de45330') in 0.004710 seconds
  Import took 0.028185 seconds .

========================================================================
Received Import Request.
  Time since last request: 732.490528 seconds.
  path: Assets/Water Shader
  artifactKey: Guid(397b92a3decfa884b9a5ef6a65006c95) Importer(815301076,1909f56bfc062723c751e8b465ee728b)
Start importing Assets/Water Shader using Guid(397b92a3decfa884b9a5ef6a65006c95) Importer(815301076,1909f56bfc062723c751e8b465ee728b)  -> (artifact id: '0688167cc45d8a7303eaa6df69119148') in 0.039581 seconds
  Import took 0.074118 seconds .

========================================================================
Received Import Request.
  Time since last request: 2368.439842 seconds.
  path: Assets/Standart Assets/Settings/UniversalRP-HighQuality.asset
  artifactKey: Guid(19ba41d7c0026c3459d37c2fe90c55a0) Importer(815301076,1909f56bfc062723c751e8b465ee728b)
Start importing Assets/Standart Assets/Settings/UniversalRP-HighQuality.asset using Guid(19ba41d7c0026c3459d37c2fe90c55a0) Importer(815301076,1909f56bfc062723c751e8b465ee728b)  -> (artifact id: '880a6b8004a558569a489288cb2adb0a') in 0.047766 seconds
  Import took 0.088679 seconds .

========================================================================
Received Import Request.
  Time since last request: 1718.971130 seconds.
  path: Assets/Water Shader/Water.shadergraph
  artifactKey: Guid(79008775900c3264a96dd30591f4167c) Importer(815301076,1909f56bfc062723c751e8b465ee728b)
Start importing Assets/Water Shader/Water.shadergraph using Guid(79008775900c3264a96dd30591f4167c) Importer(815301076,1909f56bfc062723c751e8b465ee728b)  -> (artifact id: '1ce6f7df19fa9a298766a7536369569d') in 0.057857 seconds
  Import took 0.110577 seconds .

========================================================================
Received Import Request.
  Time since last request: 1038.545049 seconds.
  path: Assets/Water Shader/WAter.shadergraph
  artifactKey: Guid(79008775900c3264a96dd30591f4167c) Importer(815301076,1909f56bfc062723c751e8b465ee728b)
Start importing Assets/Water Shader/WAter.shadergraph using Guid(79008775900c3264a96dd30591f4167c) Importer(815301076,1909f56bfc062723c751e8b465ee728b)  -> (artifact id: '4c1c7c67d07ed7806d12295fa2551311') in 0.035662 seconds
  Import took 0.063299 seconds .

========================================================================
Received Import Request.
  Time since last request: 0.978569 seconds.
  path: Assets/Water Shader/WAter.shadergraph
  artifactKey: Guid(79008775900c3264a96dd30591f4167c) Importer(815301076,1909f56bfc062723c751e8b465ee728b)
Start importing Assets/Water Shader/WAter.shadergraph using Guid(79008775900c3264a96dd30591f4167c) Importer(815301076,1909f56bfc062723c751e8b465ee728b)  -> (artifact id: '4c1c7c67d07ed7806d12295fa2551311') in 0.009807 seconds
  Import took 0.018688 seconds .

========================================================================
Received Import Request.
  Time since last request: 2.681202 seconds.
  path: Assets/Water Shader/Water.shadergraph
  artifactKey: Guid(79008775900c3264a96dd30591f4167c) Importer(815301076,1909f56bfc062723c751e8b465ee728b)
Start importing Assets/Water Shader/Water.shadergraph using Guid(79008775900c3264a96dd30591f4167c) Importer(815301076,1909f56bfc062723c751e8b465ee728b)  -> (artifact id: 'b29bc1e595418d537081dadf599d9fdf') in 0.006366 seconds
  Import took 0.056570 seconds .

========================================================================
Received Import Request.
  Time since last request: 28.985295 seconds.
  path: Assets/Water Shader/Water.shadergraph
  artifactKey: Guid(79008775900c3264a96dd30591f4167c) Importer(815301076,1909f56bfc062723c751e8b465ee728b)
Start importing Assets/Water Shader/Water.shadergraph using Guid(79008775900c3264a96dd30591f4167c) Importer(815301076,1909f56bfc062723c751e8b465ee728b)  -> (artifact id: 'c2213935789da996aaac218df90ef7ff') in 0.007094 seconds
  Import took 0.068509 seconds .

========================================================================
Received Import Request.
  Time since last request: 103.304822 seconds.
  path: Assets/Water Shader/Water.shadergraph
  artifactKey: Guid(79008775900c3264a96dd30591f4167c) Importer(815301076,1909f56bfc062723c751e8b465ee728b)
Start importing Assets/Water Shader/Water.shadergraph using Guid(79008775900c3264a96dd30591f4167c) Importer(815301076,1909f56bfc062723c751e8b465ee728b)  -> (artifact id: '6e8eae611cfbfa2863a05cd1d09a7293') in 0.023300 seconds
  Import took 0.061192 seconds .

========================================================================
Received Import Request.
  Time since last request: 49.759973 seconds.
  path: Assets/Water Shader/Water.shadergraph
  artifactKey: Guid(79008775900c3264a96dd30591f4167c) Importer(815301076,1909f56bfc062723c751e8b465ee728b)
Start importing Assets/Water Shader/Water.shadergraph using Guid(79008775900c3264a96dd30591f4167c) Importer(815301076,1909f56bfc062723c751e8b465ee728b)  -> (artifact id: '7ee7dfa5ace2fbf7c1425851c50d1902') in 0.006122 seconds
  Import took 0.043611 seconds .

========================================================================
Received Import Request.
  Time since last request: 3247.991756 seconds.
  path: Assets/Water Shader/Water.shadergraph
  artifactKey: Guid(79008775900c3264a96dd30591f4167c) Importer(815301076,1909f56bfc062723c751e8b465ee728b)
Start importing Assets/Water Shader/Water.shadergraph using Guid(79008775900c3264a96dd30591f4167c) Importer(815301076,1909f56bfc062723c751e8b465ee728b)  -> (artifact id: '7aaa609fee65482a48217a210fdef25e') in 0.017299 seconds
  Import took 0.076698 seconds .

========================================================================
Received Import Request.
  Time since last request: 380.536458 seconds.
  path: Assets/Water Shader/Water.shadergraph
  artifactKey: Guid(79008775900c3264a96dd30591f4167c) Importer(815301076,1909f56bfc062723c751e8b465ee728b)
Start importing Assets/Water Shader/Water.shadergraph using Guid(79008775900c3264a96dd30591f4167c) Importer(815301076,1909f56bfc062723c751e8b465ee728b)  -> (artifact id: 'e8b08ddc12061fc3561d63b6db810dfe') in 0.006392 seconds
  Import took 0.046931 seconds .

========================================================================
Received Import Request.
  Time since last request: 291.485523 seconds.
  path: Assets/Standart Assets/Settings
  artifactKey: Guid(0735c275001a2c84dafdb30deced5d8d) Importer(815301076,1909f56bfc062723c751e8b465ee728b)
Start importing Assets/Standart Assets/Settings using Guid(0735c275001a2c84dafdb30deced5d8d) Importer(815301076,1909f56bfc062723c751e8b465ee728b)  -> (artifact id: '552dad169b970667aadf8f1066b21b96') in 0.026972 seconds
  Import took 0.039214 seconds .

